<?xml version="1.0" encoding="UTF-8"?>
<testsuite xmlns:xsi="http://www.w3.org/2001/XMLSchema-instance" xsi:noNamespaceSchemaLocation="https://maven.apache.org/surefire/maven-surefire-plugin/xsd/surefire-test-report.xsd" name="RadioTest" time="0.053" tests="14" errors="0" skipped="0" failures="0">
  <properties>
[...]
</properties>
  <testcase name="shouldNotSetStationAboveMax" classname="RadioTest" time="0.034"/>
  <testcase name="turnOnTheMaximumVolume" classname="RadioTest" time="0"/>
  <testcase name="setPreviousVolumeTest" classname="RadioTest" time="0.001"/>
  <testcase name="shouldSetToMaxStation" classname="RadioTest" time="0.001"/>
  <testcase name="turnOnTheMaximumStation" classname="RadioTest" time="0.001"/>
  <testcase name="nextStationTest" classname="RadioTest" time="0.001"/>
  <testcase name="setPreviousStationTest" classname="RadioTest" time="0"/>
  <testcase name="shouldSetToMaxVolume" classname="RadioTest" time="0.001"/>
  <testcase name="setPreviousVolumeminTest" classname="RadioTest" time="0.001"/>
  <testcase name="shouldSetToMinVolume" classname="RadioTest" time="0"/>
  <testcase name="shouldSetToMinStation" classname="RadioTest" time="0.001"/>
  <testcase name="previousStationTest" classname="RadioTest" time="0"/>
  <testcase name="nextVolumeTest" classname="RadioTest" time="0"/>
  <testcase name="nextVolumemaxTest" classname="RadioTest" time="0.001"/>
</testsuite>